<?xml version="1.0" encoding="UTF-8"?>
<testsuite xmlns:xsi="http://www.w3.org/2001/XMLSchema-instance" xsi:noNamespaceSchemaLocation="https://maven.apache.org/surefire/maven-surefire-plugin/xsd/surefire-test-report.xsd" name="poorbox.app.AppTest" time="0.29" tests="13" errors="0" skipped="0" failures="0">
  <properties>
    <property name="gopherProxySet" value="false"/>
    <property name="awt.toolkit" value="sun.lwawt.macosx.LWCToolkit"/>
    <property name="java.specification.version" value="10"/>
    <property name="file.encoding.pkg" value="sun.io"/>
    <property name="sun.cpu.isalist" value=""/>
    <property name="sun.jnu.encoding" value="UTF-8"/>
    <property name="java.class.path" value="/Users/poboxbrian/Projects/JavaTest/CompanyProjects/calendar/target/test-classes:/Users/poboxbrian/Projects/JavaTest/CompanyProjects/calendar/target/classes:/Users/poboxbrian/.m2/repository/junit/junit/4.11/junit-4.11.jar:/Users/poboxbrian/.m2/repository/org/hamcrest/hamcrest-core/1.3/hamcrest-core-1.3.jar:"/>
    <property name="java.vm.vendor" value="&quot;Oracle Corporation&quot;"/>
    <property name="sun.arch.data.model" value="64"/>
    <property name="java.vendor.url" value="http://java.oracle.com/"/>
    <property name="user.timezone" value=""/>
    <property name="java.vm.specification.version" value="10"/>
    <property name="os.name" value="Mac OS X"/>
    <property name="sun.java.launcher" value="SUN_STANDARD"/>
    <property name="user.country" value="US"/>
    <property name="sun.boot.library.path" value="/Library/Java/JavaVirtualMachines/jdk-10.0.1.jdk/Contents/Home/lib"/>
    <property name="sun.java.command" value="/Users/poboxbrian/Projects/JavaTest/CompanyProjects/calendar/target/surefire/surefirebooter11418286410148485093.jar /Users/poboxbrian/Projects/JavaTest/CompanyProjects/calendar/target/surefire 2018-12-28T22-05-11_966-jvmRun1 surefire3901358454890983352tmp surefire_06610555530627090050tmp"/>
    <property name="http.nonProxyHosts" value="local|*.local|169.254/16|*.169.254/16"/>
    <property name="jdk.debug" value="release"/>
    <property name="surefire.test.class.path" value="/Users/poboxbrian/Projects/JavaTest/CompanyProjects/calendar/target/test-classes:/Users/poboxbrian/Projects/JavaTest/CompanyProjects/calendar/target/classes:/Users/poboxbrian/.m2/repository/junit/junit/4.11/junit-4.11.jar:/Users/poboxbrian/.m2/repository/org/hamcrest/hamcrest-core/1.3/hamcrest-core-1.3.jar:"/>
    <property name="sun.cpu.endian" value="little"/>
    <property name="user.home" value="/Users/poboxbrian"/>
    <property name="user.language" value="en"/>
    <property name="java.specification.vendor" value="Oracle Corporation"/>
    <property name="java.version.date" value="2018-04-17"/>
    <property name="java.home" value="/Library/Java/JavaVirtualMachines/jdk-10.0.1.jdk/Contents/Home"/>
    <property name="file.separator" value="/"/>
    <property name="basedir" value="/Users/poboxbrian/Projects/JavaTest/CompanyProjects/calendar"/>
    <property name="java.vm.compressedOopsMode" value="Zero based"/>
    <property name="line.separator" value="&#10;"/>
    <property name="java.specification.name" value="Java Platform API Specification"/>
    <property name="java.vm.specification.vendor" value="Oracle Corporation"/>
    <property name="java.awt.graphicsenv" value="sun.awt.CGraphicsEnvironment"/>
    <property name="surefire.real.class.path" value="/Users/poboxbrian/Projects/JavaTest/CompanyProjects/calendar/target/surefire/surefirebooter11418286410148485093.jar"/>
    <property name="sun.management.compiler" value="HotSpot 64-Bit Tiered Compilers"/>
    <property name="ftp.nonProxyHosts" value="local|*.local|169.254/16|*.169.254/16"/>
    <property name="java.runtime.version" value="10.0.1+10"/>
    <property name="user.name" value="poboxbrian"/>
    <property name="path.separator" value=":"/>
    <property name="os.version" value="10.14.2"/>
    <property name="java.runtime.name" value="Java(TM) SE Runtime Environment"/>
    <property name="file.encoding" value="UTF-8"/>
    <property name="java.vm.name" value="Java HotSpot(TM) 64-Bit Server VM"/>
    <property name="java.vendor.version" value="18.3"/>
    <property name="localRepository" value="/Users/poboxbrian/.m2/repository"/>
    <property name="java.vendor.url.bug" value="http://bugreport.java.com/bugreport/"/>
    <property name="java.io.tmpdir" value="/var/folders/93/nj3gv23d4yd0yb99qg575g4h0000gp/T/"/>
    <property name="java.version" value="10.0.1"/>
    <property name="user.dir" value="/Users/poboxbrian/Projects/JavaTest/CompanyProjects/calendar"/>
    <property name="os.arch" value="x86_64"/>
    <property name="java.vm.specification.name" value="Java Virtual Machine Specification"/>
    <property name="java.awt.printerjob" value="sun.lwawt.macosx.CPrinterJob"/>
    <property name="sun.os.patch.level" value="unknown"/>
    <property name="java.library.path" value="/Users/poboxbrian/Library/Java/Extensions:/Library/Java/Extensions:/Network/Library/Java/Extensions:/System/Library/Java/Extensions:/usr/lib/java:."/>
    <property name="java.vendor" value="Oracle Corporation"/>
    <property name="java.vm.info" value="mixed mode"/>
    <property name="java.vm.version" value="10.0.1+10"/>
    <property name="sun.io.unicode.encoding" value="UnicodeBig"/>
    <property name="java.class.version" value="54.0"/>
    <property name="socksNonProxyHosts" value="local|*.local|169.254/16|*.169.254/16"/>
  </properties>
  <testcase name="checkEventDateOrderAndInclusion" classname="poorbox.app.AppTest" time="0.138"/>
  <testcase name="addOne" classname="poorbox.app.AppTest" time="0.002"/>
  <testcase name="addTwo" classname="poorbox.app.AppTest" time="0.003"/>
  <testcase name="addOneAndRemove" classname="poorbox.app.AppTest" time="0.001"/>
  <testcase name="removeNullEventCalendar" classname="poorbox.app.AppTest" time="0.001"/>
  <testcase name="checkEventTimeOrderAndInclusion" classname="poorbox.app.AppTest" time="0.003"/>
  <testcase name="addTwoReverseOrder" classname="poorbox.app.AppTest" time="0.002"/>
  <testcase name="addOnePast" classname="poorbox.app.AppTest" time="0"/>
  <testcase name="addNullEvent" classname="poorbox.app.AppTest" time="0"/>
  <testcase name="emptyCalendar" classname="poorbox.app.AppTest" time="0"/>
  <testcase name="removeFromEmptyCalendar" classname="poorbox.app.AppTest" time="0"/>
  <testcase name="checkEventTimeOrderAndInclusionWithDefaults" classname="poorbox.app.AppTest" time="0.034"/>
  <testcase name="addOneFutureOnePast" classname="poorbox.app.AppTest" time="0.001"/>
</testsuite>